[2014-11-10 01:45:05] production.ERROR: exception 'Symfony\Component\HttpKernel\Exception\NotFoundHttpException' in /var/www/html/book_buying/bootstrap/compiled.php:5680
Stack trace:
#0 /var/www/html/book_buying/bootstrap/compiled.php(5004): Illuminate\Routing\RouteCollection->match(Object(Illuminate\Http\Request))
#1 /var/www/html/book_buying/bootstrap/compiled.php(4992): Illuminate\Routing\Router->findRoute(Object(Illuminate\Http\Request))
#2 /var/www/html/book_buying/bootstrap/compiled.php(4984): Illuminate\Routing\Router->dispatchToRoute(Object(Illuminate\Http\Request))
#3 /var/www/html/book_buying/bootstrap/compiled.php(715): Illuminate\Routing\Router->dispatch(Object(Illuminate\Http\Request))
#4 /var/www/html/book_buying/bootstrap/compiled.php(696): Illuminate\Foundation\Application->dispatch(Object(Illuminate\Http\Request))
#5 /var/www/html/book_buying/bootstrap/compiled.php(7744): Illuminate\Foundation\Application->handle(Object(Illuminate\Http\Request), 1, true)
#6 /var/www/html/book_buying/bootstrap/compiled.php(8351): Illuminate\Session\Middleware->handle(Object(Illuminate\Http\Request), 1, true)
#7 /var/www/html/book_buying/bootstrap/compiled.php(8298): Illuminate\Cookie\Queue->handle(Object(Illuminate\Http\Request), 1, true)
#8 /var/www/html/book_buying/bootstrap/compiled.php(10957): Illuminate\Cookie\Guard->handle(Object(Illuminate\Http\Request), 1, true)
#9 /var/www/html/book_buying/bootstrap/compiled.php(657): Stack\StackedHttpKernel->handle(Object(Illuminate\Http\Request))
#10 /var/www/html/book_buying/public/index.php(49): Illuminate\Foundation\Application->run()
#11 {main} [] []
[2014-11-10 01:46:23] production.ERROR: exception 'Symfony\Component\Debug\Exception\FatalErrorException' with message 'syntax error, unexpected ''layouts/master);' (T_ENCAPSED_AND_WHITESPACE)' in /var/www/html/book_buying/app/controllers/index.php:7
Stack trace:
#0 [internal function]: Illuminate\Exception\Handler->handleShutdown()
#1 {main} [] []
[2014-11-10 01:49:38] production.ERROR: exception 'Symfony\Component\HttpKernel\Exception\NotFoundHttpException' in /var/www/html/book_buying/bootstrap/compiled.php:5680
Stack trace:
#0 /var/www/html/book_buying/bootstrap/compiled.php(5004): Illuminate\Routing\RouteCollection->match(Object(Illuminate\Http\Request))
#1 /var/www/html/book_buying/bootstrap/compiled.php(4992): Illuminate\Routing\Router->findRoute(Object(Illuminate\Http\Request))
#2 /var/www/html/book_buying/bootstrap/compiled.php(4984): Illuminate\Routing\Router->dispatchToRoute(Object(Illuminate\Http\Request))
#3 /var/www/html/book_buying/bootstrap/compiled.php(715): Illuminate\Routing\Router->dispatch(Object(Illuminate\Http\Request))
#4 /var/www/html/book_buying/bootstrap/compiled.php(696): Illuminate\Foundation\Application->dispatch(Object(Illuminate\Http\Request))
#5 /var/www/html/book_buying/bootstrap/compiled.php(7744): Illuminate\Foundation\Application->handle(Object(Illuminate\Http\Request), 1, true)
#6 /var/www/html/book_buying/bootstrap/compiled.php(8351): Illuminate\Session\Middleware->handle(Object(Illuminate\Http\Request), 1, true)
#7 /var/www/html/book_buying/bootstrap/compiled.php(8298): Illuminate\Cookie\Queue->handle(Object(Illuminate\Http\Request), 1, true)
#8 /var/www/html/book_buying/bootstrap/compiled.php(10957): Illuminate\Cookie\Guard->handle(Object(Illuminate\Http\Request), 1, true)
#9 /var/www/html/book_buying/bootstrap/compiled.php(657): Stack\StackedHttpKernel->handle(Object(Illuminate\Http\Request))
#10 /var/www/html/book_buying/public/index.php(49): Illuminate\Foundation\Application->run()
#11 {main} [] []
[2014-11-10 01:49:44] production.ERROR: exception 'Symfony\Component\HttpKernel\Exception\NotFoundHttpException' in /var/www/html/book_buying/bootstrap/compiled.php:5680
Stack trace:
#0 /var/www/html/book_buying/bootstrap/compiled.php(5004): Illuminate\Routing\RouteCollection->match(Object(Illuminate\Http\Request))
#1 /var/www/html/book_buying/bootstrap/compiled.php(4992): Illuminate\Routing\Router->findRoute(Object(Illuminate\Http\Request))
#2 /var/www/html/book_buying/bootstrap/compiled.php(4984): Illuminate\Routing\Router->dispatchToRoute(Object(Illuminate\Http\Request))
#3 /var/www/html/book_buying/bootstrap/compiled.php(715): Illuminate\Routing\Router->dispatch(Object(Illuminate\Http\Request))
#4 /var/www/html/book_buying/bootstrap/compiled.php(696): Illuminate\Foundation\Application->dispatch(Object(Illuminate\Http\Request))
#5 /var/www/html/book_buying/bootstrap/compiled.php(7744): Illuminate\Foundation\Application->handle(Object(Illuminate\Http\Request), 1, true)
#6 /var/www/html/book_buying/bootstrap/compiled.php(8351): Illuminate\Session\Middleware->handle(Object(Illuminate\Http\Request), 1, true)
#7 /var/www/html/book_buying/bootstrap/compiled.php(8298): Illuminate\Cookie\Queue->handle(Object(Illuminate\Http\Request), 1, true)
#8 /var/www/html/book_buying/bootstrap/compiled.php(10957): Illuminate\Cookie\Guard->handle(Object(Illuminate\Http\Request), 1, true)
#9 /var/www/html/book_buying/bootstrap/compiled.php(657): Stack\StackedHttpKernel->handle(Object(Illuminate\Http\Request))
#10 /var/www/html/book_buying/public/index.php(49): Illuminate\Foundation\Application->run()
#11 {main} [] []
[2014-11-10 02:04:44] production.ERROR: exception 'Symfony\Component\HttpKernel\Exception\NotFoundHttpException' in /var/www/html/book_buying/bootstrap/compiled.php:5680
Stack trace:
#0 /var/www/html/book_buying/bootstrap/compiled.php(5004): Illuminate\Routing\RouteCollection->match(Object(Illuminate\Http\Request))
#1 /var/www/html/book_buying/bootstrap/compiled.php(4992): Illuminate\Routing\Router->findRoute(Object(Illuminate\Http\Request))
#2 /var/www/html/book_buying/bootstrap/compiled.php(4984): Illuminate\Routing\Router->dispatchToRoute(Object(Illuminate\Http\Request))
#3 /var/www/html/book_buying/bootstrap/compiled.php(715): Illuminate\Routing\Router->dispatch(Object(Illuminate\Http\Request))
#4 /var/www/html/book_buying/bootstrap/compiled.php(696): Illuminate\Foundation\Application->dispatch(Object(Illuminate\Http\Request))
#5 /var/www/html/book_buying/bootstrap/compiled.php(7744): Illuminate\Foundation\Application->handle(Object(Illuminate\Http\Request), 1, true)
#6 /var/www/html/book_buying/bootstrap/compiled.php(8351): Illuminate\Session\Middleware->handle(Object(Illuminate\Http\Request), 1, true)
#7 /var/www/html/book_buying/bootstrap/compiled.php(8298): Illuminate\Cookie\Queue->handle(Object(Illuminate\Http\Request), 1, true)
#8 /var/www/html/book_buying/bootstrap/compiled.php(10957): Illuminate\Cookie\Guard->handle(Object(Illuminate\Http\Request), 1, true)
#9 /var/www/html/book_buying/bootstrap/compiled.php(657): Stack\StackedHttpKernel->handle(Object(Illuminate\Http\Request))
#10 /var/www/html/book_buying/public/index.php(49): Illuminate\Foundation\Application->run()
#11 {main} [] []
